<?xml version="1.0" encoding="UTF-8"?>
<!-- Generated by org.testng.reporters.JUnitReportReporter -->
<testsuite skipped="0" hostname="U6064273-TPL-A" name="com.qa.crossbrowser.CrossBrowserDemo" tests="1" failures="0" timestamp="26 Jan 2019 16:17:29 GMT" time="12.387" errors="0">
  <testcase name="verifyTitle" time="12.387" classname="com.qa.crossbrowser.CrossBrowserDemo"/>
</testsuite> <!-- com.qa.crossbrowser.CrossBrowserDemo -->
